<?xml version="1.0" encoding="UTF-8"?>
<testng-results ignored="0" total="2" passed="2" failed="0" skipped="0">
  <reporter-output>
  </reporter-output>
  <suite started-at="2023-10-13T21:17:14 IST" name="Opencart" finished-at="2023-10-13T21:17:58 IST" duration-ms="43957">
    <groups>
      <group name="Master">
        <method signature="TC_001_AccountRegistrationTest.test_account_registration()[pri:0, instance:testCases.TC_001_AccountRegistrationTest@548d708a]" name="test_account_registration" class="testCases.TC_001_AccountRegistrationTest"/>
        <method signature="TC_002_LoginTest.LoginTest()[pri:0, instance:testCases.TC_002_LoginTest@350aac89]" name="LoginTest" class="testCases.TC_002_LoginTest"/>
      </group> <!-- Master -->
      <group name="Sanity">
        <method signature="TC_002_LoginTest.LoginTest()[pri:0, instance:testCases.TC_002_LoginTest@350aac89]" name="LoginTest" class="testCases.TC_002_LoginTest"/>
      </group> <!-- Sanity -->
      <group name="Regression">
        <method signature="TC_001_AccountRegistrationTest.test_account_registration()[pri:0, instance:testCases.TC_001_AccountRegistrationTest@548d708a]" name="test_account_registration" class="testCases.TC_001_AccountRegistrationTest"/>
      </group> <!-- Regression -->
    </groups>
    <test started-at="2023-10-13T21:17:14 IST" name="OpencartTest" finished-at="2023-10-13T21:17:58 IST" duration-ms="43957">
      <class name="testCases.TC_001_AccountRegistrationTest">
        <test-method is-config="true" signature="setup(java.lang.String)[pri:0, instance:testCases.TC_001_AccountRegistrationTest@548d708a]" started-at="2023-10-13T21:17:14 IST" name="setup" finished-at="2023-10-13T21:17:33 IST" duration-ms="18325" status="PASS">
          <params>
            <param index="0">
              <value>
                <![CDATA[chrome]]>
              </value>
            </param>
          </params>
          <reporter-output>
          </reporter-output>
        </test-method> <!-- setup -->
        <test-method signature="test_account_registration()[pri:0, instance:testCases.TC_001_AccountRegistrationTest@548d708a]" started-at="2023-10-13T21:17:33 IST" name="test_account_registration" finished-at="2023-10-13T21:17:45 IST" duration-ms="11931" status="PASS">
          <reporter-output>
          </reporter-output>
        </test-method> <!-- test_account_registration -->
        <test-method is-config="true" signature="tearDown()[pri:0, instance:testCases.TC_001_AccountRegistrationTest@548d708a]" started-at="2023-10-13T21:17:45 IST" name="tearDown" finished-at="2023-10-13T21:17:45 IST" duration-ms="734" status="PASS">
          <reporter-output>
          </reporter-output>
        </test-method> <!-- tearDown -->
      </class> <!-- testCases.TC_001_AccountRegistrationTest -->
      <class name="testCases.TC_002_LoginTest">
        <test-method is-config="true" signature="setup(java.lang.String)[pri:0, instance:testCases.TC_002_LoginTest@350aac89]" started-at="2023-10-13T21:17:45 IST" name="setup" finished-at="2023-10-13T21:17:53 IST" duration-ms="7972" status="PASS">
          <params>
            <param index="0">
              <value>
                <![CDATA[chrome]]>
              </value>
            </param>
          </params>
          <reporter-output>
          </reporter-output>
        </test-method> <!-- setup -->
        <test-method signature="LoginTest()[pri:0, instance:testCases.TC_002_LoginTest@350aac89]" started-at="2023-10-13T21:17:53 IST" name="LoginTest" finished-at="2023-10-13T21:17:57 IST" duration-ms="3675" status="PASS">
          <reporter-output>
          </reporter-output>
        </test-method> <!-- LoginTest -->
        <test-method is-config="true" signature="tearDown()[pri:0, instance:testCases.TC_002_LoginTest@350aac89]" started-at="2023-10-13T21:17:57 IST" name="tearDown" finished-at="2023-10-13T21:17:58 IST" duration-ms="469" status="PASS">
          <reporter-output>
          </reporter-output>
        </test-method> <!-- tearDown -->
      </class> <!-- testCases.TC_002_LoginTest -->
    </test> <!-- OpencartTest -->
  </suite> <!-- Opencart -->
</testng-results>
